{
  "stats": {
    "suites": 1,
    "tests": 4,
    "passes": 4,
    "pending": 0,
    "failures": 0,
    "start": "2023-06-27T11:16:23.577Z",
    "end": "2023-06-27T11:16:32.116Z",
    "duration": 8539,
    "testsRegistered": 4,
    "passPercent": 100,
    "pendingPercent": 0,
    "other": 0,
    "hasOther": false,
    "skipped": 0,
    "hasSkipped": false
  },
  "results": [
    {
      "uuid": "f3b3f65b-25b3-4cf3-b8c0-ceaf5b649622",
      "title": "",
      "fullFile": "cypress\\e2e\\login.cy.js",
      "file": "cypress\\e2e\\login.cy.js",
      "beforeHooks": [],
      "afterHooks": [],
      "tests": [],
      "suites": [
        {
          "uuid": "d6a9a5aa-dae9-407b-9739-b6691c02e225",
          "title": "Login",
          "fullFile": "",
          "file": "",
          "beforeHooks": [],
          "afterHooks": [],
          "tests": [
            {
              "title": "Successfully login",
              "fullTitle": "Login Successfully login",
              "timedOut": null,
              "duration": 4022,
              "state": "passed",
              "speed": "fast",
              "pass": true,
              "fail": false,
              "pending": false,
              "context": null,
              "code": "cy.loginUser(validUser.username, validUser.password);\ncy.url().should('include', '/dashboard/index');\ncy.get('.oxd-topbar-header-breadcrumb > .oxd-text').contains('Dashboard');",
              "err": {},
              "uuid": "ec640e3a-1463-4056-b9ea-3ef60f00ca24",
              "parentUUID": "d6a9a5aa-dae9-407b-9739-b6691c02e225",
              "isHook": false,
              "skipped": false
            },
            {
              "title": "Show error for incorrect credentials",
              "fullTitle": "Login Show error for incorrect credentials",
              "timedOut": null,
              "duration": 2121,
              "state": "passed",
              "speed": "fast",
              "pass": true,
              "fail": false,
              "pending": false,
              "context": null,
              "code": "cy.loginUser(invalidUser.username, invalidUser.password);\ncy.get('.oxd-alert-content').contains('Invalid credentials');",
              "err": {},
              "uuid": "e6f7e1dd-b861-4325-b849-793f28666d9f",
              "parentUUID": "d6a9a5aa-dae9-407b-9739-b6691c02e225",
              "isHook": false,
              "skipped": false
            },
            {
              "title": "Show error for empty username",
              "fullTitle": "Login Show error for empty username",
              "timedOut": null,
              "duration": 1154,
              "state": "passed",
              "speed": "fast",
              "pass": true,
              "fail": false,
              "pending": false,
              "context": null,
              "code": "cy.get(_Authorisation.LogIn.constPassword).type('password');\ncy.get(_Authorisation.LogIn.constLogInButton).click();\ncy.get('.oxd-input-group > .oxd-text').contains('Required');",
              "err": {},
              "uuid": "7032d970-a7d4-450b-a2db-3809b144d69f",
              "parentUUID": "d6a9a5aa-dae9-407b-9739-b6691c02e225",
              "isHook": false,
              "skipped": false
            },
            {
              "title": "Show error for empty password",
              "fullTitle": "Login Show error for empty password",
              "timedOut": null,
              "duration": 1165,
              "state": "passed",
              "speed": "fast",
              "pass": true,
              "fail": false,
              "pending": false,
              "context": null,
              "code": "cy.get(_Authorisation.LogIn.constUserName).type('username');\ncy.get(_Authorisation.LogIn.constLogInButton).click();\ncy.get('.oxd-input-group > .oxd-text').contains('Required');",
              "err": {},
              "uuid": "75e458a2-000c-4b29-abc4-597cac574571",
              "parentUUID": "d6a9a5aa-dae9-407b-9739-b6691c02e225",
              "isHook": false,
              "skipped": false
            }
          ],
          "suites": [],
          "passes": [
            "ec640e3a-1463-4056-b9ea-3ef60f00ca24",
            "e6f7e1dd-b861-4325-b849-793f28666d9f",
            "7032d970-a7d4-450b-a2db-3809b144d69f",
            "75e458a2-000c-4b29-abc4-597cac574571"
          ],
          "failures": [],
          "pending": [],
          "skipped": [],
          "duration": 8462,
          "root": false,
          "rootEmpty": false,
          "_timeout": 2000
        }
      ],
      "passes": [],
      "failures": [],
      "pending": [],
      "skipped": [],
      "duration": 0,
      "root": true,
      "rootEmpty": true,
      "_timeout": 2000
    }
  ],
  "meta": {
    "mocha": {
      "version": "7.0.1"
    },
    "mochawesome": {
      "options": {
        "quiet": false,
        "reportFilename": "mochawesome",
        "saveHtml": false,
        "saveJson": true,
        "consoleReporter": "spec",
        "useInlineDiffs": false,
        "code": true
      },
      "version": "7.1.3"
    },
    "marge": {
      "options": {
        "reportDir": "cypress/reports/mocha",
        "overwrite": false,
        "html": false,
        "json": true
      },
      "version": "6.2.0"
    }
  }
}