{
  "stats": {
    "suites": 1,
    "tests": 1,
    "passes": 1,
    "pending": 0,
    "failures": 0,
    "start": "2023-06-27T11:16:33.888Z",
    "end": "2023-06-27T11:16:39.382Z",
    "duration": 5494,
    "testsRegistered": 1,
    "passPercent": 100,
    "pendingPercent": 0,
    "other": 0,
    "hasOther": false,
    "skipped": 0,
    "hasSkipped": false
  },
  "results": [
    {
      "uuid": "8a62ffc2-823e-4ce3-abef-5465e69d8186",
      "title": "",
      "fullFile": "cypress\\e2e\\admin-page.cy.js",
      "file": "cypress\\e2e\\admin-page.cy.js",
      "beforeHooks": [],
      "afterHooks": [],
      "tests": [],
      "suites": [
        {
          "uuid": "637e72b8-3ffe-47f2-a289-97286df05420",
          "title": "Admin page",
          "fullFile": "",
          "file": "",
          "beforeHooks": [],
          "afterHooks": [],
          "tests": [
            {
              "title": "System user search",
              "fullTitle": "Admin page System user search",
              "timedOut": null,
              "duration": 5391,
              "state": "passed",
              "speed": "medium",
              "pass": true,
              "fail": false,
              "pending": false,
              "context": null,
              "code": "cy.get(':nth-child(1) > .oxd-main-menu-item').click();\ncy.url().should('include', '/admin/viewSystemUsers');\ncy.get('.oxd-topbar-header-breadcrumb > .oxd-text').contains('Admin');",
              "err": {},
              "uuid": "c0dff833-f0a0-4db8-a604-0001e298fa8b",
              "parentUUID": "637e72b8-3ffe-47f2-a289-97286df05420",
              "isHook": false,
              "skipped": false
            }
          ],
          "suites": [],
          "passes": [
            "c0dff833-f0a0-4db8-a604-0001e298fa8b"
          ],
          "failures": [],
          "pending": [],
          "skipped": [],
          "duration": 5391,
          "root": false,
          "rootEmpty": false,
          "_timeout": 2000
        }
      ],
      "passes": [],
      "failures": [],
      "pending": [],
      "skipped": [],
      "duration": 0,
      "root": true,
      "rootEmpty": true,
      "_timeout": 2000
    }
  ],
  "meta": {
    "mocha": {
      "version": "7.0.1"
    },
    "mochawesome": {
      "options": {
        "quiet": false,
        "reportFilename": "mochawesome",
        "saveHtml": false,
        "saveJson": true,
        "consoleReporter": "spec",
        "useInlineDiffs": false,
        "code": true
      },
      "version": "7.1.3"
    },
    "marge": {
      "options": {
        "reportDir": "cypress/reports/mocha",
        "overwrite": false,
        "html": false,
        "json": true
      },
      "version": "6.2.0"
    }
  }
}